SF:src/module0.ts
DA:0,1
DA:1,0
end_of_record
SF:src/module1.ts
DA:1,1
DA:2,0
end_of_record
SF:src/module2.ts
DA:2,1
DA:3,0
end_of_record
SF:src/module3.ts
DA:3,1
DA:4,0
end_of_record
SF:src/module4.ts
DA:4,1
DA:5,0
end_of_record
SF:src/module5.ts
DA:5,1
DA:6,0
end_of_record
SF:src/module6.ts
DA:6,1
DA:7,0
end_of_record
SF:src/module7.ts
DA:7,1
DA:8,0
end_of_record
SF:src/module8.ts
DA:8,1
DA:9,0
end_of_record
SF:src/module9.ts
DA:9,1
DA:10,0
end_of_record
SF:src/module10.ts
DA:10,1
DA:11,0
end_of_record
SF:src/module11.ts
DA:11,1
DA:12,0
end_of_record
SF:src/module12.ts
DA:12,1
DA:13,0
end_of_record
SF:src/module13.ts
DA:13,1
DA:14,0
end_of_record
SF:src/module14.ts
DA:14,1
DA:15,0
end_of_record
SF:src/module15.ts
DA:15,1
DA:16,0
end_of_record
SF:src/module16.ts
DA:16,1
DA:17,0
end_of_record
SF:src/module17.ts
DA:17,1
DA:18,0
end_of_record
SF:src/module18.ts
DA:18,1
DA:19,0
end_of_record
SF:src/module19.ts
DA:19,1
DA:20,0
end_of_record
SF:src/module0.ts
DA:20,1
DA:21,0
end_of_record
SF:src/module1.ts
DA:21,1
DA:22,0
end_of_record
SF:src/module2.ts
DA:22,1
DA:23,0
end_of_record
SF:src/module3.ts
DA:23,1
DA:24,0
end_of_record
SF:src/module4.ts
DA:24,1
DA:25,0
end_of_record
SF:src/module5.ts
DA:25,1
DA:26,0
end_of_record
SF:src/module6.ts
DA:26,1
DA:27,0
end_of_record
SF:src/module7.ts
DA:27,1
DA:28,0
end_of_record
SF:src/module8.ts
DA:28,1
DA:29,0
end_of_record
SF:src/module9.ts
DA:29,1
DA:30,0
end_of_record
SF:src/module10.ts
DA:30,1
DA:31,0
end_of_record
SF:src/module11.ts
DA:31,1
DA:32,0
end_of_record
SF:src/module12.ts
DA:32,1
DA:33,0
end_of_record
SF:src/module13.ts
DA:33,1
DA:34,0
end_of_record
SF:src/module14.ts
DA:34,1
DA:35,0
end_of_record
SF:src/module15.ts
DA:35,1
DA:36,0
end_of_record
SF:src/module16.ts
DA:36,1
DA:37,0
end_of_record
SF:src/module17.ts
DA:37,1
DA:38,0
end_of_record
SF:src/module18.ts
DA:38,1
DA:39,0
end_of_record
SF:src/module19.ts
DA:39,1
DA:40,0
end_of_record
SF:src/module0.ts
DA:40,1
DA:41,0
end_of_record
SF:src/module1.ts
DA:41,1
DA:42,0
end_of_record
SF:src/module2.ts
DA:42,1
DA:43,0
end_of_record
SF:src/module3.ts
DA:43,1
DA:44,0
end_of_record
SF:src/module4.ts
DA:44,1
DA:45,0
end_of_record
SF:src/module5.ts
DA:45,1
DA:46,0
end_of_record
SF:src/module6.ts
DA:46,1
DA:47,0
end_of_record
SF:src/module7.ts
DA:47,1
DA:48,0
end_of_record
SF:src/module8.ts
DA:48,1
DA:49,0
end_of_record
SF:src/module9.ts
DA:49,1
DA:50,0
end_of_record
SF:src/module10.ts
DA:50,1
DA:51,0
end_of_record
SF:src/module11.ts
DA:51,1
DA:52,0
end_of_record
SF:src/module12.ts
DA:52,1
DA:53,0
end_of_record
SF:src/module13.ts
DA:53,1
DA:54,0
end_of_record
SF:src/module14.ts
DA:54,1
DA:55,0
end_of_record
SF:src/module15.ts
DA:55,1
DA:56,0
end_of_record
SF:src/module16.ts
DA:56,1
DA:57,0
end_of_record
SF:src/module17.ts
DA:57,1
DA:58,0
end_of_record
SF:src/module18.ts
DA:58,1
DA:59,0
end_of_record
SF:src/module19.ts
DA:59,1
DA:60,0
end_of_record
SF:src/module0.ts
DA:60,1
DA:61,0
end_of_record
SF:src/module1.ts
DA:61,1
DA:62,0
end_of_record
SF:src/module2.ts
DA:62,1
DA:63,0
end_of_record
SF:src/module3.ts
DA:63,1
DA:64,0
end_of_record
SF:src/module4.ts
DA:64,1
DA:65,0
end_of_record
SF:src/module5.ts
DA:65,1
DA:66,0
end_of_record
SF:src/module6.ts
DA:66,1
DA:67,0
end_of_record
SF:src/module7.ts
DA:67,1
DA:68,0
end_of_record
SF:src/module8.ts
DA:68,1
DA:69,0
end_of_record
SF:src/module9.ts
DA:69,1
DA:70,0
end_of_record
SF:src/module10.ts
DA:70,1
DA:71,0
end_of_record
SF:src/module11.ts
DA:71,1
DA:72,0
end_of_record
SF:src/module12.ts
DA:72,1
DA:73,0
end_of_record
SF:src/module13.ts
DA:73,1
DA:74,0
end_of_record
SF:src/module14.ts
DA:74,1
DA:75,0
end_of_record
SF:src/module15.ts
DA:75,1
DA:76,0
end_of_record
SF:src/module16.ts
DA:76,1
DA:77,0
end_of_record
SF:src/module17.ts
DA:77,1
DA:78,0
end_of_record
SF:src/module18.ts
DA:78,1
DA:79,0
end_of_record
SF:src/module19.ts
DA:79,1
DA:80,0
end_of_record
SF:src/module0.ts
DA:80,1
DA:81,0
end_of_record
SF:src/module1.ts
DA:81,1
DA:82,0
end_of_record
SF:src/module2.ts
DA:82,1
DA:83,0
end_of_record
SF:src/module3.ts
DA:83,1
DA:84,0
end_of_record
SF:src/module4.ts
DA:84,1
DA:85,0
end_of_record
SF:src/module5.ts
DA:85,1
DA:86,0
end_of_record
SF:src/module6.ts
DA:86,1
DA:87,0
end_of_record
SF:src/module7.ts
DA:87,1
DA:88,0
end_of_record
SF:src/module8.ts
DA:88,1
DA:89,0
end_of_record
SF:src/module9.ts
DA:89,1
DA:90,0
end_of_record
SF:src/module10.ts
DA:90,1
DA:91,0
end_of_record
SF:src/module11.ts
DA:91,1
DA:92,0
end_of_record
SF:src/module12.ts
DA:92,1
DA:93,0
end_of_record
SF:src/module13.ts
DA:93,1
DA:94,0
end_of_record
SF:src/module14.ts
DA:94,1
DA:95,0
end_of_record
SF:src/module15.ts
DA:95,1
DA:96,0
end_of_record
SF:src/module16.ts
DA:96,1
DA:97,0
end_of_record
SF:src/module17.ts
DA:97,1
DA:98,0
end_of_record
SF:src/module18.ts
DA:98,1
DA:99,0
end_of_record
SF:src/module19.ts
DA:99,1
DA:100,0
end_of_record
SF:src/module0.ts
DA:100,1
DA:101,0
end_of_record
SF:src/module1.ts
DA:101,1
DA:102,0
end_of_record
SF:src/module2.ts
DA:102,1
DA:103,0
end_of_record
SF:src/module3.ts
DA:103,1
DA:104,0
end_of_record
SF:src/module4.ts
DA:104,1
DA:105,0
end_of_record
SF:src/module5.ts
DA:105,1
DA:106,0
end_of_record
SF:src/module6.ts
DA:106,1
DA:107,0
end_of_record
SF:src/module7.ts
DA:107,1
DA:108,0
end_of_record
SF:src/module8.ts
DA:108,1
DA:109,0
end_of_record
SF:src/module9.ts
DA:109,1
DA:110,0
end_of_record
SF:src/module10.ts
DA:110,1
DA:111,0
end_of_record
SF:src/module11.ts
DA:111,1
DA:112,0
end_of_record
SF:src/module12.ts
DA:112,1
DA:113,0
end_of_record
SF:src/module13.ts
DA:113,1
DA:114,0
end_of_record
SF:src/module14.ts
DA:114,1
DA:115,0
end_of_record
SF:src/module15.ts
DA:115,1
DA:116,0
end_of_record
SF:src/module16.ts
DA:116,1
DA:117,0
end_of_record
SF:src/module17.ts
DA:117,1
DA:118,0
end_of_record
SF:src/module18.ts
DA:118,1
DA:119,0
end_of_record
SF:src/module19.ts
DA:119,1
DA:120,0
end_of_record
SF:src/module0.ts
DA:120,1
DA:121,0
end_of_record
SF:src/module1.ts
DA:121,1
DA:122,0
end_of_record
SF:src/module2.ts
DA:122,1
DA:123,0
end_of_record
SF:src/module3.ts
DA:123,1
DA:124,0
end_of_record
SF:src/module4.ts
DA:124,1
DA:125,0
end_of_record
SF:src/module5.ts
DA:125,1
DA:126,0
end_of_record
SF:src/module6.ts
DA:126,1
DA:127,0
end_of_record
SF:src/module7.ts
DA:127,1
DA:128,0
end_of_record
SF:src/module8.ts
DA:128,1
DA:129,0
end_of_record
SF:src/module9.ts
DA:129,1
DA:130,0
end_of_record
SF:src/module10.ts
DA:130,1
DA:131,0
end_of_record
SF:src/module11.ts
DA:131,1
DA:132,0
end_of_record
SF:src/module12.ts
DA:132,1
DA:133,0
end_of_record
SF:src/module13.ts
DA:133,1
DA:134,0
end_of_record
SF:src/module14.ts
DA:134,1
DA:135,0
end_of_record
SF:src/module15.ts
DA:135,1
DA:136,0
end_of_record
SF:src/module16.ts
DA:136,1
DA:137,0
end_of_record
SF:src/module17.ts
DA:137,1
DA:138,0
end_of_record
SF:src/module18.ts
DA:138,1
DA:139,0
end_of_record
SF:src/module19.ts
DA:139,1
DA:140,0
end_of_record
SF:src/module0.ts
DA:140,1
DA:141,0
end_of_record
SF:src/module1.ts
DA:141,1
DA:142,0
end_of_record
SF:src/module2.ts
DA:142,1
DA:143,0
end_of_record
SF:src/module3.ts
DA:143,1
DA:144,0
end_of_record
SF:src/module4.ts
DA:144,1
DA:145,0
end_of_record
SF:src/module5.ts
DA:145,1
DA:146,0
end_of_record
SF:src/module6.ts
DA:146,1
DA:147,0
end_of_record
SF:src/module7.ts
DA:147,1
DA:148,0
end_of_record
SF:src/module8.ts
DA:148,1
DA:149,0
end_of_record
SF:src/module9.ts
DA:149,1
DA:150,0
end_of_record
SF:src/module10.ts
DA:150,1
DA:151,0
end_of_record
SF:src/module11.ts
DA:151,1
DA:152,0
end_of_record
SF:src/module12.ts
DA:152,1
DA:153,0
end_of_record
SF:src/module13.ts
DA:153,1
DA:154,0
end_of_record
SF:src/module14.ts
DA:154,1
DA:155,0
end_of_record
SF:src/module15.ts
DA:155,1
DA:156,0
end_of_record
SF:src/module16.ts
DA:156,1
DA:157,0
end_of_record
SF:src/module17.ts
DA:157,1
DA:158,0
end_of_record
SF:src/module18.ts
DA:158,1
DA:159,0
end_of_record
SF:src/module19.ts
DA:159,1
DA:160,0
end_of_record
SF:src/module0.ts
DA:160,1
DA:161,0
end_of_record
SF:src/module1.ts
DA:161,1
DA:162,0
end_of_record
SF:src/module2.ts
DA:162,1
DA:163,0
end_of_record
SF:src/module3.ts
DA:163,1
DA:164,0
end_of_record
SF:src/module4.ts
DA:164,1
DA:165,0
end_of_record
SF:src/module5.ts
DA:165,1
DA:166,0
end_of_record
SF:src/module6.ts
DA:166,1
DA:167,0
end_of_record
SF:src/module7.ts
DA:167,1
DA:168,0
end_of_record
SF:src/module8.ts
DA:168,1
DA:169,0
end_of_record
SF:src/module9.ts
DA:169,1
DA:170,0
end_of_record
SF:src/module10.ts
DA:170,1
DA:171,0
end_of_record
SF:src/module11.ts
DA:171,1
DA:172,0
end_of_record
SF:src/module12.ts
DA:172,1
DA:173,0
end_of_record
SF:src/module13.ts
DA:173,1
DA:174,0
end_of_record
SF:src/module14.ts
DA:174,1
DA:175,0
end_of_record
SF:src/module15.ts
DA:175,1
DA:176,0
end_of_record
SF:src/module16.ts
DA:176,1
DA:177,0
end_of_record
SF:src/module17.ts
DA:177,1
DA:178,0
end_of_record
SF:src/module18.ts
DA:178,1
DA:179,0
end_of_record
SF:src/module19.ts
DA:179,1
DA:180,0
end_of_record
SF:src/module0.ts
DA:180,1
DA:181,0
end_of_record
SF:src/module1.ts
DA:181,1
DA:182,0
end_of_record
SF:src/module2.ts
DA:182,1
DA:183,0
end_of_record
SF:src/module3.ts
DA:183,1
DA:184,0
end_of_record
SF:src/module4.ts
DA:184,1
DA:185,0
end_of_record
SF:src/module5.ts
DA:185,1
DA:186,0
end_of_record
SF:src/module6.ts
DA:186,1
DA:187,0
end_of_record
SF:src/module7.ts
DA:187,1
DA:188,0
end_of_record
SF:src/module8.ts
DA:188,1
DA:189,0
end_of_record
SF:src/module9.ts
DA:189,1
DA:190,0
end_of_record
SF:src/module10.ts
DA:190,1
DA:191,0
end_of_record
SF:src/module11.ts
DA:191,1
DA:192,0
end_of_record
SF:src/module12.ts
DA:192,1
DA:193,0
end_of_record
SF:src/module13.ts
DA:193,1
DA:194,0
end_of_record
SF:src/module14.ts
DA:194,1
DA:195,0
end_of_record
SF:src/module15.ts
DA:195,1
DA:196,0
end_of_record
SF:src/module16.ts
DA:196,1
DA:197,0
end_of_record
SF:src/module17.ts
DA:197,1
DA:198,0
end_of_record
SF:src/module18.ts
DA:198,1
DA:199,0
end_of_record
SF:src/module19.ts
DA:199,1
DA:200,0
end_of_record
SF:src/module0.ts
DA:200,1
DA:201,0
end_of_record
SF:src/module1.ts
DA:201,1
DA:202,0
end_of_record
SF:src/module2.ts
DA:202,1
DA:203,0
end_of_record
SF:src/module3.ts
DA:203,1
DA:204,0
end_of_record
SF:src/module4.ts
DA:204,1
DA:205,0
end_of_record
SF:src/module5.ts
DA:205,1
DA:206,0
end_of_record
SF:src/module6.ts
DA:206,1
DA:207,0
end_of_record
SF:src/module7.ts
DA:207,1
DA:208,0
end_of_record
SF:src/module8.ts
DA:208,1
DA:209,0
end_of_record
SF:src/module9.ts
DA:209,1
DA:210,0
end_of_record
SF:src/module10.ts
DA:210,1
DA:211,0
end_of_record
SF:src/module11.ts
DA:211,1
DA:212,0
end_of_record
SF:src/module12.ts
DA:212,1
DA:213,0
end_of_record
SF:src/module13.ts
DA:213,1
DA:214,0
end_of_record
SF:src/module14.ts
DA:214,1
DA:215,0
end_of_record
SF:src/module15.ts
DA:215,1
DA:216,0
end_of_record
SF:src/module16.ts
DA:216,1
DA:217,0
end_of_record
SF:src/module17.ts
DA:217,1
DA:218,0
end_of_record
SF:src/module18.ts
DA:218,1
DA:219,0
end_of_record
SF:src/module19.ts
DA:219,1
DA:220,0
end_of_record
SF:src/module0.ts
DA:220,1
DA:221,0
end_of_record
SF:src/module1.ts
DA:221,1
DA:222,0
end_of_record
SF:src/module2.ts
DA:222,1
DA:223,0
end_of_record
SF:src/module3.ts
DA:223,1
DA:224,0
end_of_record
SF:src/module4.ts
DA:224,1
DA:225,0
end_of_record
SF:src/module5.ts
DA:225,1
DA:226,0
end_of_record
SF:src/module6.ts
DA:226,1
DA:227,0
end_of_record
SF:src/module7.ts
DA:227,1
DA:228,0
end_of_record
SF:src/module8.ts
DA:228,1
DA:229,0
end_of_record
SF:src/module9.ts
DA:229,1
DA:230,0
end_of_record
SF:src/module10.ts
DA:230,1
DA:231,0
end_of_record
SF:src/module11.ts
DA:231,1
DA:232,0
end_of_record
SF:src/module12.ts
DA:232,1
DA:233,0
end_of_record
SF:src/module13.ts
DA:233,1
DA:234,0
end_of_record
SF:src/module14.ts
DA:234,1
DA:235,0
end_of_record
SF:src/module15.ts
DA:235,1
DA:236,0
end_of_record
SF:src/module16.ts
DA:236,1
DA:237,0
end_of_record
SF:src/module17.ts
DA:237,1
DA:238,0
end_of_record
SF:src/module18.ts
DA:238,1
DA:239,0
end_of_record
SF:src/module19.ts
DA:239,1
DA:240,0
end_of_record
SF:src/module0.ts
DA:240,1
DA:241,0
end_of_record
SF:src/module1.ts
DA:241,1
DA:242,0
end_of_record
SF:src/module2.ts
DA:242,1
DA:243,0
end_of_record
SF:src/module3.ts
DA:243,1
DA:244,0
end_of_record
SF:src/module4.ts
DA:244,1
DA:245,0
end_of_record
SF:src/module5.ts
DA:245,1
DA:246,0
end_of_record
SF:src/module6.ts
DA:246,1
DA:247,0
end_of_record
SF:src/module7.ts
DA:247,1
DA:248,0
end_of_record
SF:src/module8.ts
DA:248,1
DA:249,0
end_of_record
SF:src/module9.ts
DA:249,1
DA:250,0
end_of_record
SF:src/module10.ts
DA:250,1
DA:251,0
end_of_record
SF:src/module11.ts
DA:251,1
DA:252,0
end_of_record
SF:src/module12.ts
DA:252,1
DA:253,0
end_of_record
SF:src/module13.ts
DA:253,1
DA:254,0
end_of_record
SF:src/module14.ts
DA:254,1
DA:255,0
end_of_record
SF:src/module15.ts
DA:255,1
DA:256,0
end_of_record
SF:src/module16.ts
DA:256,1
DA:257,0
end_of_record
SF:src/module17.ts
DA:257,1
DA:258,0
end_of_record
SF:src/module18.ts
DA:258,1
DA:259,0
end_of_record
SF:src/module19.ts
DA:259,1
DA:260,0
end_of_record
SF:src/module0.ts
DA:260,1
DA:261,0
end_of_record
SF:src/module1.ts
DA:261,1
DA:262,0
end_of_record
SF:src/module2.ts
DA:262,1
DA:263,0
end_of_record
SF:src/module3.ts
DA:263,1
DA:264,0
end_of_record
SF:src/module4.ts
DA:264,1
DA:265,0
end_of_record
SF:src/module5.ts
DA:265,1
DA:266,0
end_of_record
SF:src/module6.ts
DA:266,1
DA:267,0
end_of_record
SF:src/module7.ts
DA:267,1
DA:268,0
end_of_record
SF:src/module8.ts
DA:268,1
DA:269,0
end_of_record
SF:src/module9.ts
DA:269,1
DA:270,0
end_of_record
SF:src/module10.ts
DA:270,1
DA:271,0
end_of_record
SF:src/module11.ts
DA:271,1
DA:272,0
end_of_record
SF:src/module12.ts
DA:272,1
DA:273,0
end_of_record
SF:src/module13.ts
DA:273,1
DA:274,0
end_of_record
SF:src/module14.ts
DA:274,1
DA:275,0
end_of_record
SF:src/module15.ts
DA:275,1
DA:276,0
end_of_record
SF:src/module16.ts
DA:276,1
DA:277,0
end_of_record
SF:src/module17.ts
DA:277,1
DA:278,0
end_of_record
SF:src/module18.ts
DA:278,1
DA:279,0
end_of_record
SF:src/module19.ts
DA:279,1
DA:280,0
end_of_record
SF:src/module0.ts
DA:280,1
DA:281,0
end_of_record
SF:src/module1.ts
DA:281,1
DA:282,0
end_of_record
SF:src/module2.ts
DA:282,1
DA:283,0
end_of_record
SF:src/module3.ts
DA:283,1
DA:284,0
end_of_record
SF:src/module4.ts
DA:284,1
DA:285,0
end_of_record
SF:src/module5.ts
DA:285,1
DA:286,0
end_of_record
SF:src/module6.ts
DA:286,1
DA:287,0
end_of_record
SF:src/module7.ts
DA:287,1
DA:288,0
end_of_record
SF:src/module8.ts
DA:288,1
DA:289,0
end_of_record
SF:src/module9.ts
DA:289,1
DA:290,0
end_of_record
SF:src/module10.ts
DA:290,1
DA:291,0
end_of_record
SF:src/module11.ts
DA:291,1
DA:292,0
end_of_record
SF:src/module12.ts
DA:292,1
DA:293,0
end_of_record
SF:src/module13.ts
DA:293,1
DA:294,0
end_of_record
SF:src/module14.ts
DA:294,1
DA:295,0
end_of_record
SF:src/module15.ts
DA:295,1
DA:296,0
end_of_record
SF:src/module16.ts
DA:296,1
DA:297,0
end_of_record
SF:src/module17.ts
DA:297,1
DA:298,0
end_of_record
SF:src/module18.ts
DA:298,1
DA:299,0
end_of_record
SF:src/module19.ts
DA:299,1
DA:300,0
end_of_record
SF:src/module0.ts
DA:300,1
DA:301,0
end_of_record
SF:src/module1.ts
DA:301,1
DA:302,0
end_of_record
SF:src/module2.ts
DA:302,1
DA:303,0
end_of_record
SF:src/module3.ts
DA:303,1
DA:304,0
end_of_record
SF:src/module4.ts
DA:304,1
DA:305,0
end_of_record
SF:src/module5.ts
DA:305,1
DA:306,0
end_of_record
SF:src/module6.ts
DA:306,1
DA:307,0
end_of_record
SF:src/module7.ts
DA:307,1
DA:308,0
end_of_record
SF:src/module8.ts
DA:308,1
DA:309,0
end_of_record
SF:src/module9.ts
DA:309,1
DA:310,0
end_of_record
SF:src/module10.ts
DA:310,1
DA:311,0
end_of_record
SF:src/module11.ts
DA:311,1
DA:312,0
end_of_record
SF:src/module12.ts
DA:312,1
DA:313,0
end_of_record
SF:src/module13.ts
DA:313,1
DA:314,0
end_of_record
SF:src/module14.ts
DA:314,1
DA:315,0
end_of_record
SF:src/module15.ts
DA:315,1
DA:316,0
end_of_record
SF:src/module16.ts
DA:316,1
DA:317,0
end_of_record
SF:src/module17.ts
DA:317,1
DA:318,0
end_of_record
SF:src/module18.ts
DA:318,1
DA:319,0
end_of_record
SF:src/module19.ts
DA:319,1
DA:320,0
end_of_record
SF:src/module0.ts
DA:320,1
DA:321,0
end_of_record
SF:src/module1.ts
DA:321,1
DA:322,0
end_of_record
SF:src/module2.ts
DA:322,1
DA:323,0
end_of_record
SF:src/module3.ts
DA:323,1
DA:324,0
end_of_record
SF:src/module4.ts
DA:324,1
DA:325,0
end_of_record
SF:src/module5.ts
DA:325,1
DA:326,0
end_of_record
SF:src/module6.ts
DA:326,1
DA:327,0
end_of_record
SF:src/module7.ts
DA:327,1
DA:328,0
end_of_record
SF:src/module8.ts
DA:328,1
DA:329,0
end_of_record
SF:src/module9.ts
DA:329,1
DA:330,0
end_of_record
SF:src/module10.ts
DA:330,1
DA:331,0
end_of_record
SF:src/module11.ts
DA:331,1
DA:332,0
end_of_record
SF:src/module12.ts
DA:332,1
DA:333,0
end_of_record
SF:src/module13.ts
DA:333,1
DA:334,0
end_of_record
SF:src/module14.ts
DA:334,1
DA:335,0
end_of_record
SF:src/module15.ts
DA:335,1
DA:336,0
end_of_record
SF:src/module16.ts
DA:336,1
DA:337,0
end_of_record
SF:src/module17.ts
DA:337,1
DA:338,0
end_of_record
SF:src/module18.ts
DA:338,1
DA:339,0
end_of_record
SF:src/module19.ts
DA:339,1
DA:340,0
end_of_record
SF:src/module0.ts
DA:340,1
DA:341,0
end_of_record
SF:src/module1.ts
DA:341,1
DA:342,0
end_of_record
SF:src/module2.ts
DA:342,1
DA:343,0
end_of_record
SF:src/module3.ts
DA:343,1
DA:344,0
end_of_record
SF:src/module4.ts
DA:344,1
DA:345,0
end_of_record
SF:src/module5.ts
DA:345,1
DA:346,0
end_of_record
SF:src/module6.ts
DA:346,1
DA:347,0
end_of_record
SF:src/module7.ts
DA:347,1
DA:348,0
end_of_record
SF:src/module8.ts
DA:348,1
DA:349,0
end_of_record
SF:src/module9.ts
DA:349,1
DA:350,0
end_of_record
SF:src/module10.ts
DA:350,1
DA:351,0
end_of_record
SF:src/module11.ts
DA:351,1
DA:352,0
end_of_record
SF:src/module12.ts
DA:352,1
DA:353,0
end_of_record
SF:src/module13.ts
DA:353,1
DA:354,0
end_of_record
SF:src/module14.ts
DA:354,1
DA:355,0
end_of_record
SF:src/module15.ts
DA:355,1
DA:356,0
end_of_record
SF:src/module16.ts
DA:356,1
DA:357,0
end_of_record
SF:src/module17.ts
DA:357,1
DA:358,0
end_of_record
SF:src/module18.ts
DA:358,1
DA:359,0
end_of_record
SF:src/module19.ts
DA:359,1
DA:360,0
end_of_record
SF:src/module0.ts
DA:360,1
DA:361,0
end_of_record
SF:src/module1.ts
DA:361,1
DA:362,0
end_of_record
SF:src/module2.ts
DA:362,1
DA:363,0
end_of_record
SF:src/module3.ts
DA:363,1
DA:364,0
end_of_record
SF:src/module4.ts
DA:364,1
DA:365,0
end_of_record
SF:src/module5.ts
DA:365,1
DA:366,0
end_of_record
SF:src/module6.ts
DA:366,1
DA:367,0
end_of_record
SF:src/module7.ts
DA:367,1
DA:368,0
end_of_record
SF:src/module8.ts
DA:368,1
DA:369,0
end_of_record
SF:src/module9.ts
DA:369,1
DA:370,0
end_of_record
SF:src/module10.ts
DA:370,1
DA:371,0
end_of_record
SF:src/module11.ts
DA:371,1
DA:372,0
end_of_record
SF:src/module12.ts
DA:372,1
DA:373,0
end_of_record
SF:src/module13.ts
DA:373,1
DA:374,0
end_of_record
SF:src/module14.ts
DA:374,1
DA:375,0
end_of_record
SF:src/module15.ts
DA:375,1
DA:376,0
end_of_record
SF:src/module16.ts
DA:376,1
DA:377,0
end_of_record
SF:src/module17.ts
DA:377,1
DA:378,0
end_of_record
SF:src/module18.ts
DA:378,1
DA:379,0
end_of_record
SF:src/module19.ts
DA:379,1
DA:380,0
end_of_record
SF:src/module0.ts
DA:380,1
DA:381,0
end_of_record
SF:src/module1.ts
DA:381,1
DA:382,0
end_of_record
SF:src/module2.ts
DA:382,1
DA:383,0
end_of_record
SF:src/module3.ts
DA:383,1
DA:384,0
end_of_record
SF:src/module4.ts
DA:384,1
DA:385,0
end_of_record
SF:src/module5.ts
DA:385,1
DA:386,0
end_of_record
SF:src/module6.ts
DA:386,1
DA:387,0
end_of_record
SF:src/module7.ts
DA:387,1
DA:388,0
end_of_record
SF:src/module8.ts
DA:388,1
DA:389,0
end_of_record
SF:src/module9.ts
DA:389,1
DA:390,0
end_of_record
SF:src/module10.ts
DA:390,1
DA:391,0
end_of_record
SF:src/module11.ts
DA:391,1
DA:392,0
end_of_record
SF:src/module12.ts
DA:392,1
DA:393,0
end_of_record
SF:src/module13.ts
DA:393,1
DA:394,0
end_of_record
SF:src/module14.ts
DA:394,1
DA:395,0
end_of_record
SF:src/module15.ts
DA:395,1
DA:396,0
end_of_record
SF:src/module16.ts
DA:396,1
DA:397,0
end_of_record
SF:src/module17.ts
DA:397,1
DA:398,0
end_of_record
SF:src/module18.ts
DA:398,1
DA:399,0
end_of_record
SF:src/module19.ts
DA:399,1
DA:400,0
end_of_record
SF:src/module0.ts
DA:400,1
DA:401,0
end_of_record
SF:src/module1.ts
DA:401,1
DA:402,0
end_of_record
SF:src/module2.ts
DA:402,1
DA:403,0
end_of_record
SF:src/module3.ts
DA:403,1
DA:404,0
end_of_record
SF:src/module4.ts
DA:404,1
DA:405,0
end_of_record
SF:src/module5.ts
DA:405,1
DA:406,0
end_of_record
SF:src/module6.ts
DA:406,1
DA:407,0
end_of_record
SF:src/module7.ts
DA:407,1
DA:408,0
end_of_record
SF:src/module8.ts
DA:408,1
DA:409,0
end_of_record
SF:src/module9.ts
DA:409,1
DA:410,0
end_of_record
SF:src/module10.ts
DA:410,1
DA:411,0
end_of_record
SF:src/module11.ts
DA:411,1
DA:412,0
end_of_record
SF:src/module12.ts
DA:412,1
DA:413,0
end_of_record
SF:src/module13.ts
DA:413,1
DA:414,0
end_of_record
SF:src/module14.ts
DA:414,1
DA:415,0
end_of_record
SF:src/module15.ts
DA:415,1
DA:416,0
end_of_record
SF:src/module16.ts
DA:416,1
DA:417,0
end_of_record
SF:src/module17.ts
DA:417,1
DA:418,0
end_of_record
SF:src/module18.ts
DA:418,1
DA:419,0
end_of_record
SF:src/module19.ts
DA:419,1
DA:420,0
end_of_record
SF:src/module0.ts
DA:420,1
DA:421,0
end_of_record
SF:src/module1.ts
DA:421,1
DA:422,0
end_of_record
SF:src/module2.ts
DA:422,1
DA:423,0
end_of_record
SF:src/module3.ts
DA:423,1
DA:424,0
end_of_record
SF:src/module4.ts
DA:424,1
DA:425,0
end_of_record
SF:src/module5.ts
DA:425,1
DA:426,0
end_of_record
SF:src/module6.ts
DA:426,1
DA:427,0
end_of_record
SF:src/module7.ts
DA:427,1
DA:428,0
end_of_record
SF:src/module8.ts
DA:428,1
DA:429,0
end_of_record
SF:src/module9.ts
DA:429,1
DA:430,0
end_of_record
SF:src/module10.ts
DA:430,1
DA:431,0
end_of_record
SF:src/module11.ts
DA:431,1
DA:432,0
end_of_record
SF:src/module12.ts
DA:432,1
DA:433,0
end_of_record
SF:src/module13.ts
DA:433,1
DA:434,0
end_of_record
SF:src/module14.ts
DA:434,1
DA:435,0
end_of_record
SF:src/module15.ts
DA:435,1
DA:436,0
end_of_record
SF:src/module16.ts
DA:436,1
DA:437,0
end_of_record
SF:src/module17.ts
DA:437,1
DA:438,0
end_of_record
SF:src/module18.ts
DA:438,1
DA:439,0
end_of_record
SF:src/module19.ts
DA:439,1
DA:440,0
end_of_record
SF:src/module0.ts
DA:440,1
DA:441,0
end_of_record
SF:src/module1.ts
DA:441,1
DA:442,0
end_of_record
SF:src/module2.ts
DA:442,1
DA:443,0
end_of_record
SF:src/module3.ts
DA:443,1
DA:444,0
end_of_record
SF:src/module4.ts
DA:444,1
DA:445,0
end_of_record
SF:src/module5.ts
DA:445,1
DA:446,0
end_of_record
SF:src/module6.ts
DA:446,1
DA:447,0
end_of_record
SF:src/module7.ts
DA:447,1
DA:448,0
end_of_record
SF:src/module8.ts
DA:448,1
DA:449,0
end_of_record
SF:src/module9.ts
DA:449,1
DA:450,0
end_of_record
SF:src/module10.ts
DA:450,1
DA:451,0
end_of_record
SF:src/module11.ts
DA:451,1
DA:452,0
end_of_record
SF:src/module12.ts
DA:452,1
DA:453,0
end_of_record
SF:src/module13.ts
DA:453,1
DA:454,0
end_of_record
SF:src/module14.ts
DA:454,1
DA:455,0
end_of_record
SF:src/module15.ts
DA:455,1
DA:456,0
end_of_record
SF:src/module16.ts
DA:456,1
DA:457,0
end_of_record
SF:src/module17.ts
DA:457,1
DA:458,0
end_of_record
SF:src/module18.ts
DA:458,1
DA:459,0
end_of_record
SF:src/module19.ts
DA:459,1
DA:460,0
end_of_record
SF:src/module0.ts
DA:460,1
DA:461,0
end_of_record
SF:src/module1.ts
DA:461,1
DA:462,0
end_of_record
SF:src/module2.ts
DA:462,1
DA:463,0
end_of_record
SF:src/module3.ts
DA:463,1
DA:464,0
end_of_record
SF:src/module4.ts
DA:464,1
DA:465,0
end_of_record
SF:src/module5.ts
DA:465,1
DA:466,0
end_of_record
SF:src/module6.ts
DA:466,1
DA:467,0
end_of_record
SF:src/module7.ts
DA:467,1
DA:468,0
end_of_record
SF:src/module8.ts
DA:468,1
DA:469,0
end_of_record
SF:src/module9.ts
DA:469,1
DA:470,0
end_of_record
SF:src/module10.ts
DA:470,1
DA:471,0
end_of_record
SF:src/module11.ts
DA:471,1
DA:472,0
end_of_record
SF:src/module12.ts
DA:472,1
DA:473,0
end_of_record
SF:src/module13.ts
DA:473,1
DA:474,0
end_of_record
SF:src/module14.ts
DA:474,1
DA:475,0
end_of_record
SF:src/module15.ts
DA:475,1
DA:476,0
end_of_record
SF:src/module16.ts
DA:476,1
DA:477,0
end_of_record
SF:src/module17.ts
DA:477,1
DA:478,0
end_of_record
SF:src/module18.ts
DA:478,1
DA:479,0
end_of_record
SF:src/module19.ts
DA:479,1
DA:480,0
end_of_record
SF:src/module0.ts
DA:480,1
DA:481,0
end_of_record
SF:src/module1.ts
DA:481,1
DA:482,0
end_of_record
SF:src/module2.ts
DA:482,1
DA:483,0
end_of_record
SF:src/module3.ts
DA:483,1
DA:484,0
end_of_record
SF:src/module4.ts
DA:484,1
DA:485,0
end_of_record
SF:src/module5.ts
DA:485,1
DA:486,0
end_of_record
SF:src/module6.ts
DA:486,1
DA:487,0
end_of_record
SF:src/module7.ts
DA:487,1
DA:488,0
end_of_record
SF:src/module8.ts
DA:488,1
DA:489,0
end_of_record
SF:src/module9.ts
DA:489,1
DA:490,0
end_of_record
SF:src/module10.ts
DA:490,1
DA:491,0
end_of_record
SF:src/module11.ts
DA:491,1
DA:492,0
end_of_record
SF:src/module12.ts
DA:492,1
DA:493,0
end_of_record
SF:src/module13.ts
DA:493,1
DA:494,0
end_of_record
SF:src/module14.ts
DA:494,1
DA:495,0
end_of_record
SF:src/module15.ts
DA:495,1
DA:496,0
end_of_record
SF:src/module16.ts
DA:496,1
DA:497,0
end_of_record
SF:src/module17.ts
DA:497,1
DA:498,0
end_of_record
SF:src/module18.ts
DA:498,1
DA:499,0
end_of_record
SF:src/module19.ts
DA:499,1
DA:500,0
end_of_record
SF:src/module0.ts
DA:500,1
DA:501,0
end_of_record
SF:src/module1.ts
DA:501,1
DA:502,0
end_of_record
SF:src/module2.ts
DA:502,1
DA:503,0
end_of_record
SF:src/module3.ts
DA:503,1
DA:504,0
end_of_record
SF:src/module4.ts
DA:504,1
DA:505,0
end_of_record
SF:src/module5.ts
DA:505,1
DA:506,0
end_of_record
SF:src/module6.ts
DA:506,1
DA:507,0
end_of_record
SF:src/module7.ts
DA:507,1
DA:508,0
end_of_record
SF:src/module8.ts
DA:508,1
DA:509,0
end_of_record
SF:src/module9.ts
DA:509,1
DA:510,0
end_of_record
SF:src/module10.ts
DA:510,1
DA:511,0
end_of_record
SF:src/module11.ts
DA:511,1
DA:512,0
end_of_record
SF:src/module12.ts
DA:512,1
DA:513,0
end_of_record
SF:src/module13.ts
DA:513,1
DA:514,0
end_of_record
SF:src/module14.ts
DA:514,1
DA:515,0
end_of_record
SF:src/module15.ts
DA:515,1
DA:516,0
end_of_record
SF:src/module16.ts
DA:516,1
DA:517,0
end_of_record
SF:src/module17.ts
DA:517,1
DA:518,0
end_of_record
SF:src/module18.ts
DA:518,1
DA:519,0
end_of_record
SF:src/module19.ts
DA:519,1
DA:520,0
end_of_record
SF:src/module0.ts
DA:520,1
DA:521,0
end_of_record
SF:src/module1.ts
DA:521,1
DA:522,0
end_of_record
SF:src/module2.ts
DA:522,1
DA:523,0
end_of_record
SF:src/module3.ts
DA:523,1
DA:524,0
end_of_record
SF:src/module4.ts
DA:524,1
DA:525,0
end_of_record
SF:src/module5.ts
DA:525,1
DA:526,0
end_of_record
SF:src/module6.ts
DA:526,1
DA:527,0
end_of_record
SF:src/module7.ts
DA:527,1
DA:528,0
end_of_record
SF:src/module8.ts
DA:528,1
DA:529,0
end_of_record
SF:src/module9.ts
DA:529,1
DA:530,0
end_of_record
SF:src/module10.ts
DA:530,1
DA:531,0
end_of_record
SF:src/module11.ts
DA:531,1
DA:532,0
end_of_record
SF:src/module12.ts
DA:532,1
DA:533,0
end_of_record
SF:src/module13.ts
DA:533,1
DA:534,0
end_of_record
SF:src/module14.ts
DA:534,1
DA:535,0
end_of_record
SF:src/module15.ts
DA:535,1
DA:536,0
end_of_record
SF:src/module16.ts
DA:536,1
DA:537,0
end_of_record
SF:src/module17.ts
DA:537,1
DA:538,0
end_of_record
SF:src/module18.ts
DA:538,1
DA:539,0
end_of_record
SF:src/module19.ts
DA:539,1
DA:540,0
end_of_record
SF:src/module0.ts
DA:540,1
DA:541,0
end_of_record
SF:src/module1.ts
DA:541,1
DA:542,0
end_of_record
SF:src/module2.ts
DA:542,1
DA:543,0
end_of_record
SF:src/module3.ts
DA:543,1
DA:544,0
end_of_record
SF:src/module4.ts
DA:544,1
DA:545,0
end_of_record
SF:src/module5.ts
DA:545,1
DA:546,0
end_of_record
SF:src/module6.ts
DA:546,1
DA:547,0
end_of_record
SF:src/module7.ts
DA:547,1
DA:548,0
end_of_record
SF:src/module8.ts
DA:548,1
DA:549,0
end_of_record
SF:src/module9.ts
DA:549,1
DA:550,0
end_of_record
SF:src/module10.ts
DA:550,1
DA:551,0
end_of_record
SF:src/module11.ts
DA:551,1
DA:552,0
end_of_record
SF:src/module12.ts
DA:552,1
DA:553,0
end_of_record
SF:src/module13.ts
DA:553,1
DA:554,0
end_of_record
SF:src/module14.ts
DA:554,1
DA:555,0
end_of_record
SF:src/module15.ts
DA:555,1
DA:556,0
end_of_record
SF:src/module16.ts
DA:556,1
DA:557,0
end_of_record
SF:src/module17.ts
DA:557,1
DA:558,0
end_of_record
SF:src/module18.ts
DA:558,1
DA:559,0
end_of_record
SF:src/module19.ts
DA:559,1
DA:560,0
end_of_record
SF:src/module0.ts
DA:560,1
DA:561,0
end_of_record
SF:src/module1.ts
DA:561,1
DA:562,0
end_of_record
SF:src/module2.ts
DA:562,1
DA:563,0
end_of_record
SF:src/module3.ts
DA:563,1
DA:564,0
end_of_record
SF:src/module4.ts
DA:564,1
DA:565,0
end_of_record
SF:src/module5.ts
DA:565,1
DA:566,0
end_of_record
SF:src/module6.ts
DA:566,1
DA:567,0
end_of_record
SF:src/module7.ts
DA:567,1
DA:568,0
end_of_record
SF:src/module8.ts
DA:568,1
DA:569,0
end_of_record
SF:src/module9.ts
DA:569,1
DA:570,0
end_of_record
SF:src/module10.ts
DA:570,1
DA:571,0
end_of_record
SF:src/module11.ts
DA:571,1
DA:572,0
end_of_record
SF:src/module12.ts
DA:572,1
DA:573,0
end_of_record
SF:src/module13.ts
DA:573,1
DA:574,0
end_of_record
SF:src/module14.ts
DA:574,1
DA:575,0
end_of_record
SF:src/module15.ts
DA:575,1
DA:576,0
end_of_record
SF:src/module16.ts
DA:576,1
DA:577,0
end_of_record
SF:src/module17.ts
DA:577,1
DA:578,0
end_of_record
SF:src/module18.ts
DA:578,1
DA:579,0
end_of_record
SF:src/module19.ts
DA:579,1
DA:580,0
end_of_record
SF:src/module0.ts
DA:580,1
DA:581,0
end_of_record
SF:src/module1.ts
DA:581,1
DA:582,0
end_of_record
SF:src/module2.ts
DA:582,1
DA:583,0
end_of_record
SF:src/module3.ts
DA:583,1
DA:584,0
end_of_record
SF:src/module4.ts
DA:584,1
DA:585,0
end_of_record
SF:src/module5.ts
DA:585,1
DA:586,0
end_of_record
SF:src/module6.ts
DA:586,1
DA:587,0
end_of_record
SF:src/module7.ts
DA:587,1
DA:588,0
end_of_record
SF:src/module8.ts
DA:588,1
DA:589,0
end_of_record
SF:src/module9.ts
DA:589,1
DA:590,0
end_of_record
SF:src/module10.ts
DA:590,1
DA:591,0
end_of_record
SF:src/module11.ts
DA:591,1
DA:592,0
end_of_record
SF:src/module12.ts
DA:592,1
DA:593,0
end_of_record
SF:src/module13.ts
DA:593,1
DA:594,0
end_of_record
SF:src/module14.ts
DA:594,1
DA:595,0
end_of_record
SF:src/module15.ts
DA:595,1
DA:596,0
end_of_record
SF:src/module16.ts
DA:596,1
DA:597,0
end_of_record
SF:src/module17.ts
DA:597,1
DA:598,0
end_of_record
SF:src/module18.ts
DA:598,1
DA:599,0
end_of_record
SF:src/module19.ts
DA:599,1
DA:600,0
end_of_record
SF:src/module0.ts
DA:600,1
DA:601,0
end_of_record
SF:src/module1.ts
DA:601,1
DA:602,0
end_of_record
SF:src/module2.ts
DA:602,1
DA:603,0
end_of_record
SF:src/module3.ts
DA:603,1
DA:604,0
end_of_record
SF:src/module4.ts
DA:604,1
DA:605,0
end_of_record
SF:src/module5.ts
DA:605,1
DA:606,0
end_of_record
SF:src/module6.ts
DA:606,1
DA:607,0
end_of_record
SF:src/module7.ts
DA:607,1
DA:608,0
end_of_record
SF:src/module8.ts
DA:608,1
DA:609,0
end_of_record
SF:src/module9.ts
DA:609,1
DA:610,0
end_of_record
SF:src/module10.ts
DA:610,1
DA:611,0
end_of_record
SF:src/module11.ts
DA:611,1
DA:612,0
end_of_record
SF:src/module12.ts
DA:612,1
DA:613,0
end_of_record
SF:src/module13.ts
DA:613,1
DA:614,0
end_of_record
SF:src/module14.ts
DA:614,1
DA:615,0
end_of_record
SF:src/module15.ts
DA:615,1
DA:616,0
end_of_record
SF:src/module16.ts
DA:616,1
DA:617,0
end_of_record
SF:src/module17.ts
DA:617,1
DA:618,0
end_of_record
SF:src/module18.ts
DA:618,1
DA:619,0
end_of_record
SF:src/module19.ts
DA:619,1
DA:620,0
end_of_record
SF:src/module0.ts
DA:620,1
DA:621,0
end_of_record
SF:src/module1.ts
DA:621,1
DA:622,0
end_of_record
SF:src/module2.ts
DA:622,1
DA:623,0
end_of_record
SF:src/module3.ts
DA:623,1
DA:624,0
end_of_record
SF:src/module4.ts
DA:624,1
DA:625,0
end_of_record
SF:src/module5.ts
DA:625,1
DA:626,0
end_of_record
SF:src/module6.ts
DA:626,1
DA:627,0
end_of_record
SF:src/module7.ts
DA:627,1
DA:628,0
end_of_record
SF:src/module8.ts
DA:628,1
DA:629,0
end_of_record
SF:src/module9.ts
DA:629,1
DA:630,0
end_of_record
SF:src/module10.ts
DA:630,1
DA:631,0
end_of_record
SF:src/module11.ts
DA:631,1
DA:632,0
end_of_record
SF:src/module12.ts
DA:632,1
DA:633,0
end_of_record
SF:src/module13.ts
DA:633,1
DA:634,0
end_of_record
SF:src/module14.ts
DA:634,1
DA:635,0
end_of_record
SF:src/module15.ts
DA:635,1
DA:636,0
end_of_record
SF:src/module16.ts
DA:636,1
DA:637,0
end_of_record
SF:src/module17.ts
DA:637,1
DA:638,0
end_of_record
SF:src/module18.ts
DA:638,1
DA:639,0
end_of_record
SF:src/module19.ts
DA:639,1
DA:640,0
end_of_record
SF:src/module0.ts
DA:640,1
DA:641,0
end_of_record
SF:src/module1.ts
DA:641,1
DA:642,0
end_of_record
SF:src/module2.ts
DA:642,1
DA:643,0
end_of_record
SF:src/module3.ts
DA:643,1
DA:644,0
end_of_record
SF:src/module4.ts
DA:644,1
DA:645,0
end_of_record
SF:src/module5.ts
DA:645,1
DA:646,0
end_of_record
SF:src/module6.ts
DA:646,1
DA:647,0
end_of_record
SF:src/module7.ts
DA:647,1
DA:648,0
end_of_record
SF:src/module8.ts
DA:648,1
DA:649,0
end_of_record
SF:src/module9.ts
DA:649,1
DA:650,0
end_of_record
SF:src/module10.ts
DA:650,1
DA:651,0
end_of_record
SF:src/module11.ts
DA:651,1
DA:652,0
end_of_record
SF:src/module12.ts
DA:652,1
DA:653,0
end_of_record
SF:src/module13.ts
DA:653,1
DA:654,0
end_of_record
SF:src/module14.ts
DA:654,1
DA:655,0
end_of_record
SF:src/module15.ts
DA:655,1
DA:656,0
end_of_record
SF:src/module16.ts
DA:656,1
DA:657,0
end_of_record
SF:src/module17.ts
DA:657,1
DA:658,0
end_of_record
SF:src/module18.ts
DA:658,1
DA:659,0
end_of_record
SF:src/module19.ts
DA:659,1
DA:660,0
end_of_record
SF:src/module0.ts
DA:660,1
DA:661,0
end_of_record
SF:src/module1.ts
DA:661,1
DA:662,0
end_of_record
SF:src/module2.ts
DA:662,1
DA:663,0
end_of_record
SF:src/module3.ts
DA:663,1
DA:664,0
end_of_record
SF:src/module4.ts
DA:664,1
DA:665,0
end_of_record
SF:src/module5.ts
DA:665,1
DA:666,0
end_of_record
SF:src/module6.ts
DA:666,1
DA:667,0
end_of_record
SF:src/module7.ts
DA:667,1
DA:668,0
end_of_record
SF:src/module8.ts
DA:668,1
DA:669,0
end_of_record
SF:src/module9.ts
DA:669,1
DA:670,0
end_of_record
SF:src/module10.ts
DA:670,1
DA:671,0
end_of_record
SF:src/module11.ts
DA:671,1
DA:672,0
end_of_record
SF:src/module12.ts
DA:672,1
DA:673,0
end_of_record
SF:src/module13.ts
DA:673,1
DA:674,0
end_of_record
SF:src/module14.ts
DA:674,1
DA:675,0
end_of_record
SF:src/module15.ts
DA:675,1
DA:676,0
end_of_record
SF:src/module16.ts
DA:676,1
DA:677,0
end_of_record
SF:src/module17.ts
DA:677,1
DA:678,0
end_of_record
SF:src/module18.ts
DA:678,1
DA:679,0
end_of_record
SF:src/module19.ts
DA:679,1
DA:680,0
end_of_record
SF:src/module0.ts
DA:680,1
DA:681,0
end_of_record
SF:src/module1.ts
DA:681,1
DA:682,0
end_of_record
SF:src/module2.ts
DA:682,1
DA:683,0
end_of_record
SF:src/module3.ts
DA:683,1
DA:684,0
end_of_record
SF:src/module4.ts
DA:684,1
DA:685,0
end_of_record
SF:src/module5.ts
DA:685,1
DA:686,0
end_of_record
SF:src/module6.ts
DA:686,1
DA:687,0
end_of_record
SF:src/module7.ts
DA:687,1
DA:688,0
end_of_record
SF:src/module8.ts
DA:688,1
DA:689,0
end_of_record
SF:src/module9.ts
DA:689,1
DA:690,0
end_of_record
SF:src/module10.ts
DA:690,1
DA:691,0
end_of_record
SF:src/module11.ts
DA:691,1
DA:692,0
end_of_record
SF:src/module12.ts
DA:692,1
DA:693,0
end_of_record
SF:src/module13.ts
DA:693,1
DA:694,0
end_of_record
SF:src/module14.ts
DA:694,1
DA:695,0
end_of_record
SF:src/module15.ts
DA:695,1
DA:696,0
end_of_record
SF:src/module16.ts
DA:696,1
DA:697,0
end_of_record
SF:src/module17.ts
DA:697,1
DA:698,0
end_of_record
SF:src/module18.ts
DA:698,1
DA:699,0
end_of_record
SF:src/module19.ts
DA:699,1
DA:700,0
end_of_record
SF:src/module0.ts
DA:700,1
DA:701,0
end_of_record
SF:src/module1.ts
DA:701,1
DA:702,0
end_of_record
SF:src/module2.ts
DA:702,1
DA:703,0
end_of_record
SF:src/module3.ts
DA:703,1
DA:704,0
end_of_record
SF:src/module4.ts
DA:704,1
DA:705,0
end_of_record
SF:src/module5.ts
DA:705,1
DA:706,0
end_of_record
SF:src/module6.ts
DA:706,1
DA:707,0
end_of_record
SF:src/module7.ts
DA:707,1
DA:708,0
end_of_record
SF:src/module8.ts
DA:708,1
DA:709,0
end_of_record
SF:src/module9.ts
DA:709,1
DA:710,0
end_of_record
SF:src/module10.ts
DA:710,1
DA:711,0
end_of_record
SF:src/module11.ts
DA:711,1
DA:712,0
end_of_record
SF:src/module12.ts
DA:712,1
DA:713,0
end_of_record
SF:src/module13.ts
DA:713,1
DA:714,0
end_of_record
SF:src/module14.ts
DA:714,1
DA:715,0
end_of_record
SF:src/module15.ts
DA:715,1
DA:716,0
end_of_record
SF:src/module16.ts
DA:716,1
DA:717,0
end_of_record
SF:src/module17.ts
DA:717,1
DA:718,0
end_of_record
SF:src/module18.ts
DA:718,1
DA:719,0
end_of_record
SF:src/module19.ts
DA:719,1
DA:720,0
end_of_record
SF:src/module0.ts
DA:720,1
DA:721,0
end_of_record
SF:src/module1.ts
DA:721,1
DA:722,0
end_of_record
SF:src/module2.ts
DA:722,1
DA:723,0
end_of_record
SF:src/module3.ts
DA:723,1
DA:724,0
end_of_record
SF:src/module4.ts
DA:724,1
DA:725,0
end_of_record
SF:src/module5.ts
DA:725,1
DA:726,0
end_of_record
SF:src/module6.ts
DA:726,1
DA:727,0
end_of_record
SF:src/module7.ts
DA:727,1
DA:728,0
end_of_record
SF:src/module8.ts
DA:728,1
DA:729,0
end_of_record
SF:src/module9.ts
DA:729,1
DA:730,0
end_of_record
SF:src/module10.ts
DA:730,1
DA:731,0
end_of_record
SF:src/module11.ts
DA:731,1
DA:732,0
end_of_record
SF:src/module12.ts
DA:732,1
DA:733,0
end_of_record
SF:src/module13.ts
DA:733,1
DA:734,0
end_of_record
SF:src/module14.ts
DA:734,1
DA:735,0
end_of_record
SF:src/module15.ts
DA:735,1
DA:736,0
end_of_record
SF:src/module16.ts
DA:736,1
DA:737,0
end_of_record
SF:src/module17.ts
DA:737,1
DA:738,0
end_of_record
SF:src/module18.ts
DA:738,1
DA:739,0
end_of_record
SF:src/module19.ts
DA:739,1
DA:740,0
end_of_record
SF:src/module0.ts
DA:740,1
DA:741,0
end_of_record
SF:src/module1.ts
DA:741,1
DA:742,0
end_of_record
SF:src/module2.ts
DA:742,1
DA:743,0
end_of_record
SF:src/module3.ts
DA:743,1
DA:744,0
end_of_record
SF:src/module4.ts
DA:744,1
DA:745,0
end_of_record
SF:src/module5.ts
DA:745,1
DA:746,0
end_of_record
SF:src/module6.ts
DA:746,1
DA:747,0
end_of_record
SF:src/module7.ts
DA:747,1
DA:748,0
end_of_record
SF:src/module8.ts
DA:748,1
DA:749,0
end_of_record
SF:src/module9.ts
DA:749,1
DA:750,0
end_of_record
SF:src/module10.ts
DA:750,1
DA:751,0
end_of_record
SF:src/module11.ts
DA:751,1
DA:752,0
end_of_record
SF:src/module12.ts
DA:752,1
DA:753,0
end_of_record
SF:src/module13.ts
DA:753,1
DA:754,0
end_of_record
SF:src/module14.ts
DA:754,1
DA:755,0
end_of_record
SF:src/module15.ts
DA:755,1
DA:756,0
end_of_record
SF:src/module16.ts
DA:756,1
DA:757,0
end_of_record
SF:src/module17.ts
DA:757,1
DA:758,0
end_of_record
SF:src/module18.ts
DA:758,1
DA:759,0
end_of_record
SF:src/module19.ts
DA:759,1
DA:760,0
end_of_record
SF:src/module0.ts
DA:760,1
DA:761,0
end_of_record
SF:src/module1.ts
DA:761,1
DA:762,0
end_of_record
SF:src/module2.ts
DA:762,1
DA:763,0
end_of_record
SF:src/module3.ts
DA:763,1
DA:764,0
end_of_record
SF:src/module4.ts
DA:764,1
DA:765,0
end_of_record
SF:src/module5.ts
DA:765,1
DA:766,0
end_of_record
SF:src/module6.ts
DA:766,1
DA:767,0
end_of_record
SF:src/module7.ts
DA:767,1
DA:768,0
end_of_record
SF:src/module8.ts
DA:768,1
DA:769,0
end_of_record
SF:src/module9.ts
DA:769,1
DA:770,0
end_of_record
SF:src/module10.ts
DA:770,1
DA:771,0
end_of_record
SF:src/module11.ts
DA:771,1
DA:772,0
end_of_record
SF:src/module12.ts
DA:772,1
DA:773,0
end_of_record
SF:src/module13.ts
DA:773,1
DA:774,0
end_of_record
SF:src/module14.ts
DA:774,1
DA:775,0
end_of_record
SF:src/module15.ts
DA:775,1
DA:776,0
end_of_record
SF:src/module16.ts
DA:776,1
DA:777,0
end_of_record
SF:src/module17.ts
DA:777,1
DA:778,0
end_of_record
SF:src/module18.ts
DA:778,1
DA:779,0
end_of_record
SF:src/module19.ts
DA:779,1
DA:780,0
end_of_record
SF:src/module0.ts
DA:780,1
DA:781,0
end_of_record
SF:src/module1.ts
DA:781,1
DA:782,0
end_of_record
SF:src/module2.ts
DA:782,1
DA:783,0
end_of_record
SF:src/module3.ts
DA:783,1
DA:784,0
end_of_record
SF:src/module4.ts
DA:784,1
DA:785,0
end_of_record
SF:src/module5.ts
DA:785,1
DA:786,0
end_of_record
SF:src/module6.ts
DA:786,1
DA:787,0
end_of_record
SF:src/module7.ts
DA:787,1
DA:788,0
end_of_record
SF:src/module8.ts
DA:788,1
DA:789,0
end_of_record
SF:src/module9.ts
DA:789,1
DA:790,0
end_of_record
SF:src/module10.ts
DA:790,1
DA:791,0
end_of_record
SF:src/module11.ts
DA:791,1
DA:792,0
end_of_record
SF:src/module12.ts
DA:792,1
DA:793,0
end_of_record
SF:src/module13.ts
DA:793,1
DA:794,0
end_of_record
SF:src/module14.ts
DA:794,1
DA:795,0
end_of_record
SF:src/module15.ts
DA:795,1
DA:796,0
end_of_record
SF:src/module16.ts
DA:796,1
DA:797,0
end_of_record
SF:src/module17.ts
DA:797,1
DA:798,0
end_of_record
SF:src/module18.ts
DA:798,1
DA:799,0
end_of_record
SF:src/module19.ts
DA:799,1
DA:800,0
end_of_record
